<?xml version="1.0" encoding="UTF-8"?>
<testng-results ignored="0" total="6" passed="6" failed="0" skipped="0">
  <reporter-output>
  </reporter-output>
  <suite started-at="2023-10-02T17:15:53 ICT" name="TestNG" finished-at="2023-10-02T17:16:17 ICT" duration-ms="23753">
    <groups>
    </groups>
    <test started-at="2023-10-02T17:15:53 ICT" name="suite SauceDemo" finished-at="2023-10-02T17:16:17 ICT" duration-ms="23753">
      <class name="com.vmo.saucedemo.feature.login.TestCasesSauceDemo">
        <test-method is-config="true" signature="setUp(java.lang.String,java.lang.String)[pri:0, instance:com.vmo.saucedemo.feature.login.TestCasesSauceDemo@743c6ce4]" started-at="2023-10-02T17:15:53 ICT" name="setUp" finished-at="2023-10-02T17:16:00 ICT" duration-ms="7405" status="PASS">
          <params>
            <param index="0">
              <value>
                <![CDATA[H_CHROME]]>
              </value>
            </param>
            <param index="1">
              <value>
                <![CDATA[CHROME]]>
              </value>
            </param>
          </params>
          <reporter-output>
          </reporter-output>
        </test-method> <!-- setUp -->
        <test-method signature="LoginEmptyPassword()[pri:3, instance:com.vmo.saucedemo.feature.login.TestCasesSauceDemo@743c6ce4]" started-at="2023-10-02T17:16:00 ICT" name="LoginEmptyPassword" finished-at="2023-10-02T17:16:03 ICT" duration-ms="2146" status="PASS">
          <reporter-output>
          </reporter-output>
        </test-method> <!-- LoginEmptyPassword -->
        <test-method is-config="true" signature="tearDown()[pri:0, instance:com.vmo.saucedemo.feature.login.TestCasesSauceDemo@743c6ce4]" started-at="2023-10-02T17:16:03 ICT" name="tearDown" finished-at="2023-10-02T17:16:03 ICT" duration-ms="209" status="PASS">
          <reporter-output>
          </reporter-output>
        </test-method> <!-- tearDown -->
        <test-method is-config="true" signature="setUp(java.lang.String,java.lang.String)[pri:0, instance:com.vmo.saucedemo.feature.login.TestCasesSauceDemo@743c6ce4]" started-at="2023-10-02T17:16:03 ICT" name="setUp" finished-at="2023-10-02T17:16:04 ICT" duration-ms="1177" status="PASS">
          <params>
            <param index="0">
              <value>
                <![CDATA[H_CHROME]]>
              </value>
            </param>
            <param index="1">
              <value>
                <![CDATA[CHROME]]>
              </value>
            </param>
          </params>
          <reporter-output>
          </reporter-output>
        </test-method> <!-- setUp -->
        <test-method signature="LoginEmptyUsername()[pri:2, instance:com.vmo.saucedemo.feature.login.TestCasesSauceDemo@743c6ce4]" started-at="2023-10-02T17:16:04 ICT" name="LoginEmptyUsername" finished-at="2023-10-02T17:16:06 ICT" duration-ms="1666" status="PASS">
          <reporter-output>
          </reporter-output>
        </test-method> <!-- LoginEmptyUsername -->
        <test-method is-config="true" signature="tearDown()[pri:0, instance:com.vmo.saucedemo.feature.login.TestCasesSauceDemo@743c6ce4]" started-at="2023-10-02T17:16:06 ICT" name="tearDown" finished-at="2023-10-02T17:16:06 ICT" duration-ms="209" status="PASS">
          <reporter-output>
          </reporter-output>
        </test-method> <!-- tearDown -->
        <test-method is-config="true" signature="setUp(java.lang.String,java.lang.String)[pri:0, instance:com.vmo.saucedemo.feature.login.TestCasesSauceDemo@743c6ce4]" started-at="2023-10-02T17:16:06 ICT" name="setUp" finished-at="2023-10-02T17:16:07 ICT" duration-ms="1140" status="PASS">
          <params>
            <param index="0">
              <value>
                <![CDATA[H_CHROME]]>
              </value>
            </param>
            <param index="1">
              <value>
                <![CDATA[CHROME]]>
              </value>
            </param>
          </params>
          <reporter-output>
          </reporter-output>
        </test-method> <!-- setUp -->
        <test-method signature="LoginEmptyUsernameAndPassword()[pri:4, instance:com.vmo.saucedemo.feature.login.TestCasesSauceDemo@743c6ce4]" started-at="2023-10-02T17:16:07 ICT" name="LoginEmptyUsernameAndPassword" finished-at="2023-10-02T17:16:09 ICT" duration-ms="1359" status="PASS">
          <reporter-output>
          </reporter-output>
        </test-method> <!-- LoginEmptyUsernameAndPassword -->
        <test-method is-config="true" signature="tearDown()[pri:0, instance:com.vmo.saucedemo.feature.login.TestCasesSauceDemo@743c6ce4]" started-at="2023-10-02T17:16:09 ICT" name="tearDown" finished-at="2023-10-02T17:16:09 ICT" duration-ms="190" status="PASS">
          <reporter-output>
          </reporter-output>
        </test-method> <!-- tearDown -->
        <test-method is-config="true" signature="setUp(java.lang.String,java.lang.String)[pri:0, instance:com.vmo.saucedemo.feature.login.TestCasesSauceDemo@743c6ce4]" started-at="2023-10-02T17:16:09 ICT" name="setUp" finished-at="2023-10-02T17:16:10 ICT" duration-ms="1018" status="PASS">
          <params>
            <param index="0">
              <value>
                <![CDATA[H_CHROME]]>
              </value>
            </param>
            <param index="1">
              <value>
                <![CDATA[CHROME]]>
              </value>
            </param>
          </params>
          <reporter-output>
          </reporter-output>
        </test-method> <!-- setUp -->
        <test-method signature="LoginWrongPasswordChar()[pri:1, instance:com.vmo.saucedemo.feature.login.TestCasesSauceDemo@743c6ce4]" started-at="2023-10-02T17:16:10 ICT" name="LoginWrongPasswordChar" finished-at="2023-10-02T17:16:11 ICT" duration-ms="1020" status="PASS">
          <reporter-output>
          </reporter-output>
        </test-method> <!-- LoginWrongPasswordChar -->
        <test-method is-config="true" signature="tearDown()[pri:0, instance:com.vmo.saucedemo.feature.login.TestCasesSauceDemo@743c6ce4]" started-at="2023-10-02T17:16:11 ICT" name="tearDown" finished-at="2023-10-02T17:16:11 ICT" duration-ms="202" status="PASS">
          <reporter-output>
          </reporter-output>
        </test-method> <!-- tearDown -->
        <test-method is-config="true" signature="setUp(java.lang.String,java.lang.String)[pri:0, instance:com.vmo.saucedemo.feature.login.TestCasesSauceDemo@743c6ce4]" started-at="2023-10-02T17:16:11 ICT" name="setUp" finished-at="2023-10-02T17:16:12 ICT" duration-ms="1073" status="PASS">
          <params>
            <param index="0">
              <value>
                <![CDATA[H_CHROME]]>
              </value>
            </param>
            <param index="1">
              <value>
                <![CDATA[CHROME]]>
              </value>
            </param>
          </params>
          <reporter-output>
          </reporter-output>
        </test-method> <!-- setUp -->
        <test-method signature="LoginWrongPasswordNumber()[pri:5, instance:com.vmo.saucedemo.feature.login.TestCasesSauceDemo@743c6ce4]" started-at="2023-10-02T17:16:12 ICT" name="LoginWrongPasswordNumber" finished-at="2023-10-02T17:16:14 ICT" duration-ms="1270" status="PASS">
          <reporter-output>
          </reporter-output>
        </test-method> <!-- LoginWrongPasswordNumber -->
        <test-method is-config="true" signature="tearDown()[pri:0, instance:com.vmo.saucedemo.feature.login.TestCasesSauceDemo@743c6ce4]" started-at="2023-10-02T17:16:14 ICT" name="tearDown" finished-at="2023-10-02T17:16:14 ICT" duration-ms="157" status="PASS">
          <reporter-output>
          </reporter-output>
        </test-method> <!-- tearDown -->
        <test-method is-config="true" signature="setUp(java.lang.String,java.lang.String)[pri:0, instance:com.vmo.saucedemo.feature.login.TestCasesSauceDemo@743c6ce4]" started-at="2023-10-02T17:16:14 ICT" name="setUp" finished-at="2023-10-02T17:16:15 ICT" duration-ms="1003" status="PASS">
          <params>
            <param index="0">
              <value>
                <![CDATA[H_CHROME]]>
              </value>
            </param>
            <param index="1">
              <value>
                <![CDATA[CHROME]]>
              </value>
            </param>
          </params>
          <reporter-output>
          </reporter-output>
        </test-method> <!-- setUp -->
        <test-method signature="LoginWrongUsernameAndPassword()[pri:6, instance:com.vmo.saucedemo.feature.login.TestCasesSauceDemo@743c6ce4]" started-at="2023-10-02T17:16:15 ICT" name="LoginWrongUsernameAndPassword" finished-at="2023-10-02T17:16:16 ICT" duration-ms="1330" status="PASS">
          <reporter-output>
          </reporter-output>
        </test-method> <!-- LoginWrongUsernameAndPassword -->
        <test-method is-config="true" signature="tearDown()[pri:0, instance:com.vmo.saucedemo.feature.login.TestCasesSauceDemo@743c6ce4]" started-at="2023-10-02T17:16:16 ICT" name="tearDown" finished-at="2023-10-02T17:16:17 ICT" duration-ms="197" status="PASS">
          <reporter-output>
          </reporter-output>
        </test-method> <!-- tearDown -->
      </class> <!-- com.vmo.saucedemo.feature.login.TestCasesSauceDemo -->
    </test> <!-- suite SauceDemo -->
  </suite> <!-- TestNG -->
</testng-results>
