<?xml version="1.0" encoding="UTF-8"?>
<!-- Generated by org.testng.reporters.JUnitXMLReporter -->
<testsuite ignored="0" hostname="DESKTOP-2ACRUTT" failures="0" tests="6" name="suite SauceDemo" time="23.753" errors="0" timestamp="2023-10-02T17:16:17 ICT">
  <testcase classname="com.vmo.saucedemo.feature.login.TestCasesSauceDemo" name="LoginEmptyPassword" time="2.146"/>
  <testcase classname="com.vmo.saucedemo.feature.login.TestCasesSauceDemo" name="LoginEmptyUsername" time="1.666"/>
  <testcase classname="com.vmo.saucedemo.feature.login.TestCasesSauceDemo" name="LoginEmptyUsernameAndPassword" time="1.359"/>
  <testcase classname="com.vmo.saucedemo.feature.login.TestCasesSauceDemo" name="LoginWrongPasswordChar" time="1.02"/>
  <testcase classname="com.vmo.saucedemo.feature.login.TestCasesSauceDemo" name="LoginWrongPasswordNumber" time="1.27"/>
  <testcase classname="com.vmo.saucedemo.feature.login.TestCasesSauceDemo" name="LoginWrongUsernameAndPassword" time="1.33"/>
</testsuite> <!-- suite SauceDemo -->
