<?xml version="1.0" encoding="UTF-8"?>
<!-- Generated by org.testng.reporters.JUnitXMLReporter -->
<testsuite ignored="0" hostname="DESKTOP-P9QFR94" failures="0" tests="3" name="Login test" time="49.065" errors="0" timestamp="2023-10-10T15:58:06 ICT">
  <testcase classname="com.vmo.demowebshop.TestCasesAssignment" name="Buy2HighestRatedBooks" time="6.292"/>
  <testcase classname="com.vmo.demowebshop.TestCasesAssignment" name="RemoveItemsOutOfShoppingCart" time="18.474"/>
  <testcase classname="com.vmo.demowebshop.TestCasesAssignment" name="BuyItemSuccessfully" time="13.067"/>
</testsuite> <!-- Login test -->
