<?xml version="1.0" encoding="UTF-8"?>
<!-- Generated by org.testng.reporters.JUnitXMLReporter -->
<testsuite ignored="0" hostname="DESKTOP-P9QFR94" failures="1" tests="3" name="Login test" time="52.263" errors="0" timestamp="2023-10-10T16:19:22 ICT">
  <testcase classname="com.vmo.demowebshop.TestCasesAssignment" name="Buy2HighestRatedBooks" time="9.252"/>
  <testcase classname="com.vmo.demowebshop.TestCasesAssignment" name="RemoveItemsOutOfShoppingCart" time="8.689">
    <failure type="java.lang.AssertionError" message="expected [true] but found [false]">
      <![CDATA[java.lang.AssertionError: expected [true] but found [false]
at com.vmo.demowebshop.TestCasesAssignment.RemoveItemsOutOfShoppingCart(TestCasesAssignment.java:87)
at java.base/java.util.ArrayList.forEach(ArrayList.java:1541)
... Removed 34 stack frames]]>
    </failure>
  </testcase> <!-- RemoveItemsOutOfShoppingCart -->
  <testcase classname="com.vmo.demowebshop.TestCasesAssignment" name="BuyItemSuccessfully" time="15.48"/>
</testsuite> <!-- Login test -->
